INFO: [VRFC 10-2263] Analyzing Verilog file "D:/BTL_TKVM/RISC_CPU/RISC_CPU.srcs/sources_1/imports/new/ALU.v" into library xil_defaultlib
INFO: [VRFC 10-311] analyzing module ALU
INFO: [VRFC 10-2263] Analyzing Verilog file "D:/BTL_TKVM/RISC_CPU/RISC_CPU.srcs/sources_1/imports/new/Accumulator_Register.v" into library xil_defaultlib
INFO: [VRFC 10-311] analyzing module Accumulator_Register
INFO: [VRFC 10-2263] Analyzing Verilog file "D:/BTL_TKVM/RISC_CPU/RISC_CPU.srcs/sources_1/imports/new/Controller.v" into library xil_defaultlib
INFO: [VRFC 10-311] analyzing module Controller
INFO: [VRFC 10-2263] Analyzing Verilog file "D:/BTL_TKVM/RISC_CPU/RISC_CPU.srcs/sources_1/imports/new/Instruction_Register.v" into library xil_defaultlib
INFO: [VRFC 10-311] analyzing module Instruction_Register
INFO: [VRFC 10-2263] Analyzing Verilog file "D:/BTL_TKVM/RISC_CPU/RISC_CPU.srcs/sources_1/imports/new/Program_Counter.v" into library xil_defaultlib
INFO: [VRFC 10-311] analyzing module Program_Counter
INFO: [VRFC 10-2263] Analyzing Verilog file "D:/BTL_TKVM/RISC_CPU/RISC_CPU.srcs/sources_1/imports/new/RISC_CPU.v" into library xil_defaultlib
INFO: [VRFC 10-311] analyzing module RISC_CPU
INFO: [VRFC 10-2263] Analyzing Verilog file "D:/BTL_TKVM/RISC_CPU/RISC_CPU.srcs/sources_1/imports/new/addr_mux.v" into library xil_defaultlib
INFO: [VRFC 10-311] analyzing module addr_mux
INFO: [VRFC 10-2263] Analyzing Verilog file "D:/BTL_TKVM/RISC_CPU/RISC_CPU.srcs/sources_1/imports/new/dataMemory.v" into library xil_defaultlib
INFO: [VRFC 10-311] analyzing module dataMemory
INFO: [VRFC 10-2263] Analyzing Verilog file "D:/BTL_TKVM/RISC_CPU/RISC_CPU.srcs/sources_1/imports/new/instructionMemory.v" into library xil_defaultlib
INFO: [VRFC 10-311] analyzing module instructionMemory
INFO: [VRFC 10-2263] Analyzing Verilog file "D:/BTL_TKVM/RISC_CPU/RISC_CPU.srcs/sim_1/imports/new/RISC_CPU_tb.v" into library xil_defaultlib
INFO: [VRFC 10-311] analyzing module RISC_CPU_tb
INFO: [VRFC 10-2263] Analyzing Verilog file "D:/BTL_TKVM/RISC_CPU/RISC_CPU.sim/sim_1/behav/xsim/glbl.v" into library xil_defaultlib
INFO: [VRFC 10-311] analyzing module glbl
